# JRE version: OpenJDK Runtime Environment (8.0_332-b08) (build 1.8.0_332-b08)
# Java VM: OpenJDK 64-Bit Server VM (25.332-b08 mixed mode windows-amd64 compressed oops)
Heap:
 PSYoungGen      total 248832K, used 43395K [0x00000000daf80000, 0x00000000f0600000, 0x0000000100000000)
  eden space 220160K, 8% used [0x00000000daf80000,0x00000000dc117a38,0x00000000e8680000)
  from space 28672K, 88% used [0x00000000e8680000,0x00000000e9f493b8,0x00000000ea280000)
  to   space 31744K, 0% used [0x00000000ee700000,0x00000000ee700000,0x00000000f0600000)
 ParOldGen       total 109568K, used 45372K [0x0000000090e00000, 0x0000000097900000, 0x00000000daf80000)
  object space 109568K, 41% used [0x0000000090e00000,0x0000000093a4f180,0x0000000097900000)
 Metaspace       used 34953K, capacity 35658K, committed 36096K, reserved 1081344K
  class space    used 4073K, capacity 4242K, committed 4352K, reserved 1048576K
GC Heap History (10 events):
Event: 12.052 GC heap before
{Heap before GC invocations=11 (full 1):
 PSYoungGen      total 122880K, used 122871K [0x00000000daf80000, 0x00000000e6500000, 0x0000000100000000)
  eden space 114688K, 100% used [0x00000000daf80000,0x00000000e1f80000,0x00000000e1f80000)
  from space 8192K, 99% used [0x00000000e1f80000,0x00000000e277dc00,0x00000000e2780000)
  to   space 12800K, 0% used [0x00000000e5880000,0x00000000e5880000,0x00000000e6500000)
 ParOldGen       total 54784K, used 23026K [0x0000000090e00000, 0x0000000094380000, 0x00000000daf80000)
  object space 54784K, 42% used [0x0000000090e00000,0x000000009247c860,0x0000000094380000)
 Metaspace       used 24543K, capacity 25092K, committed 25344K, reserved 1071104K
  class space    used 2815K, capacity 2968K, committed 3072K, reserved 1048576K
Event: 12.082 GC heap after
Heap after GC invocations=11 (full 1):
 PSYoungGen      total 168448K, used 12795K [0x00000000daf80000, 0x00000000e7280000, 0x0000000100000000)
  eden space 155648K, 0% used [0x00000000daf80000,0x00000000daf80000,0x00000000e4780000)
  from space 12800K, 99% used [0x00000000e5880000,0x00000000e64fef88,0x00000000e6500000)
  to   space 17408K, 0% used [0x00000000e4780000,0x00000000e4780000,0x00000000e5880000)
 ParOldGen       total 54784K, used 32211K [0x0000000090e00000, 0x0000000094380000, 0x00000000daf80000)
  object space 54784K, 58% used [0x0000000090e00000,0x0000000092d74cc0,0x0000000094380000)
 Metaspace       used 24543K, capacity 25092K, committed 25344K, reserved 1071104K
  class space    used 2815K, capacity 2968K, committed 3072K, reserved 1048576K
}
Event: 12.953 GC heap before
{Heap before GC invocations=12 (full 1):
 PSYoungGen      total 168448K, used 168443K [0x00000000daf80000, 0x00000000e7280000, 0x0000000100000000)
  eden space 155648K, 100% used [0x00000000daf80000,0x00000000e4780000,0x00000000e4780000)
  from space 12800K, 99% used [0x00000000e5880000,0x00000000e64fef88,0x00000000e6500000)
  to   space 17408K, 0% used [0x00000000e4780000,0x00000000e4780000,0x00000000e5880000)
 ParOldGen       total 54784K, used 32211K [0x0000000090e00000, 0x0000000094380000, 0x00000000daf80000)
  object space 54784K, 58% used [0x0000000090e00000,0x0000000092d74cc0,0x0000000094380000)
 Metaspace       used 24549K, capacity 25092K, committed 25344K, reserved 1071104K
  class space    used 2815K, capacity 2968K, committed 3072K, reserved 1048576K
Event: 13.001 GC heap after
Heap after GC invocations=12 (full 1):
 PSYoungGen      total 173056K, used 17404K [0x00000000daf80000, 0x00000000ebe80000, 0x0000000100000000)
  eden space 155648K, 0% used [0x00000000daf80000,0x00000000daf80000,0x00000000e4780000)
  from space 17408K, 99% used [0x00000000e4780000,0x00000000e587f1b0,0x00000000e5880000)
  to   space 25088K, 0% used [0x00000000ea600000,0x00000000ea600000,0x00000000ebe80000)
 ParOldGen       total 54784K, used 46051K [0x0000000090e00000, 0x0000000094380000, 0x00000000daf80000)
  object space 54784K, 84% used [0x0000000090e00000,0x0000000093af8e38,0x0000000094380000)
 Metaspace       used 24549K, capacity 25092K, committed 25344K, reserved 1071104K
  class space    used 2815K, capacity 2968K, committed 3072K, reserved 1048576K
}
Event: 13.001 GC heap before
{Heap before GC invocations=13 (full 2):
 PSYoungGen      total 173056K, used 17404K [0x00000000daf80000, 0x00000000ebe80000, 0x0000000100000000)
  eden space 155648K, 0% used [0x00000000daf80000,0x00000000daf80000,0x00000000e4780000)
  from space 17408K, 99% used [0x00000000e4780000,0x00000000e587f1b0,0x00000000e5880000)
  to   space 25088K, 0% used [0x00000000ea600000,0x00000000ea600000,0x00000000ebe80000)
 ParOldGen       total 54784K, used 46051K [0x0000000090e00000, 0x0000000094380000, 0x00000000daf80000)
  object space 54784K, 84% used [0x0000000090e00000,0x0000000093af8e38,0x0000000094380000)
 Metaspace       used 24549K, capacity 25092K, committed 25344K, reserved 1071104K
  class space    used 2815K, capacity 2968K, committed 3072K, reserved 1048576K
Event: 13.137 GC heap after
Heap after GC invocations=13 (full 2):
 PSYoungGen      total 173056K, used 0K [0x00000000daf80000, 0x00000000ebe80000, 0x0000000100000000)
  eden space 155648K, 0% used [0x00000000daf80000,0x00000000daf80000,0x00000000e4780000)
  from space 17408K, 0% used [0x00000000e4780000,0x00000000e4780000,0x00000000e5880000)
  to   space 25088K, 0% used [0x00000000ea600000,0x00000000ea600000,0x00000000ebe80000)
 ParOldGen       total 109568K, used 41875K [0x0000000090e00000, 0x0000000097900000, 0x00000000daf80000)
  object space 109568K, 38% used [0x0000000090e00000,0x00000000936e4dc0,0x0000000097900000)
 Metaspace       used 24549K, capacity 25092K, committed 25344K, reserved 1071104K
  class space    used 2815K, capacity 2968K, committed 3072K, reserved 1048576K
}
Event: 13.888 GC heap before
{Heap before GC invocations=14 (full 2):
 PSYoungGen      total 173056K, used 155648K [0x00000000daf80000, 0x00000000ebe80000, 0x0000000100000000)
  eden space 155648K, 100% used [0x00000000daf80000,0x00000000e4780000,0x00000000e4780000)
  from space 17408K, 0% used [0x00000000e4780000,0x00000000e4780000,0x00000000e5880000)
  to   space 25088K, 0% used [0x00000000ea600000,0x00000000ea600000,0x00000000ebe80000)
 ParOldGen       total 109568K, used 41875K [0x0000000090e00000, 0x0000000097900000, 0x00000000daf80000)
  object space 109568K, 38% used [0x0000000090e00000,0x00000000936e4dc0,0x0000000097900000)
 Metaspace       used 24559K, capacity 25102K, committed 25344K, reserved 1071104K
  class space    used 2816K, capacity 2970K, committed 3072K, reserved 1048576K
Event: 13.919 GC heap after
Heap after GC invocations=14 (full 2):
 PSYoungGen      total 232448K, used 25078K [0x00000000daf80000, 0x00000000ebe80000, 0x0000000100000000)
  eden space 207360K, 0% used [0x00000000daf80000,0x00000000daf80000,0x00000000e7a00000)
  from space 25088K, 99% used [0x00000000ea600000,0x00000000ebe7da60,0x00000000ebe80000)
  to   space 28672K, 0% used [0x00000000e8680000,0x00000000e8680000,0x00000000ea280000)
 ParOldGen       total 109568K, used 42213K [0x0000000090e00000, 0x0000000097900000, 0x00000000daf80000)
  object space 109568K, 38% used [0x0000000090e00000,0x00000000937395d8,0x0000000097900000)
 Metaspace       used 24559K, capacity 25102K, committed 25344K, reserved 1071104K
  class space    used 2816K, capacity 2970K, committed 3072K, reserved 1048576K
}
Event: 16.276 GC heap before
{Heap before GC invocations=15 (full 2):
 PSYoungGen      total 232448K, used 232438K [0x00000000daf80000, 0x00000000ebe80000, 0x0000000100000000)
  eden space 207360K, 100% used [0x00000000daf80000,0x00000000e7a00000,0x00000000e7a00000)
  from space 25088K, 99% used [0x00000000ea600000,0x00000000ebe7da60,0x00000000ebe80000)
  to   space 28672K, 0% used [0x00000000e8680000,0x00000000e8680000,0x00000000ea280000)
 ParOldGen       total 109568K, used 42213K [0x0000000090e00000, 0x0000000097900000, 0x00000000daf80000)
  object space 109568K, 38% used [0x0000000090e00000,0x00000000937395d8,0x0000000097900000)
 Metaspace       used 34053K, capacity 34686K, committed 34944K, reserved 1079296K
  class space    used 3980K, capacity 4176K, committed 4224K, reserved 1048576K
Event: 16.526 GC heap after
Heap after GC invocations=15 (full 2):
 PSYoungGen      total 248832K, used 25380K [0x00000000daf80000, 0x00000000f0600000, 0x0000000100000000)
  eden space 220160K, 0% used [0x00000000daf80000,0x00000000daf80000,0x00000000e8680000)
  from space 28672K, 88% used [0x00000000e8680000,0x00000000e9f493b8,0x00000000ea280000)
  to   space 31744K, 0% used [0x00000000ee700000,0x00000000ee700000,0x00000000f0600000)
 ParOldGen       total 109568K, used 45372K [0x0000000090e00000, 0x0000000097900000, 0x00000000daf80000)
  object space 109568K, 41% used [0x0000000090e00000,0x0000000093a4f180,0x0000000097900000)
 Metaspace       used 34053K, capacity 34686K, committed 34944K, reserved 1079296K
  class space    used 3980K, capacity 4176K, committed 4224K, reserved 1048576K
}

